Using pre-set license

 COMMAND LINE ARGUMENTS:
/Applications/Unity/Unity.app/Contents/MacOS/Unity
-adb2
-batchMode
-noUpm
-name
AssetImportWorker0
-projectPath
/Users/game3-21/Desktop/Create with Code/Prototype 4
-logFile
Logs/AssetImportWorker0.log
-srvPort
49966
Successfully changed project path to: /Users/game3-21/Desktop/Create with Code/Prototype 4
/Users/game3-21/Desktop/Create with Code/Prototype 4
Using Asset Import Pipeline V2.
Refreshing native plugins compatible for Editor in 72.02 ms, found 1 plugins.
Preloading 0 native plugins for Editor in 0.00 ms.
Initialize engine version: 2021.1.6f1 (c0fade0cc7e9)
[Subsystems] Discovering subsystems at path /Applications/Unity/Unity.app/Contents/Resources/UnitySubsystems
[Subsystems] Discovering subsystems at path /Users/game3-21/Desktop/Create with Code/Prototype 4/Assets
GfxDevice: creating device client; threaded=0; jobified=0
2023-03-13 12:00:14.982 Unity[2053:35477] iMac preferred device: AMD Radeon Pro 5300 (high power)
2023-03-13 12:00:14.982 Unity[2053:35477] Metal devices available: 1
2023-03-13 12:00:14.982 Unity[2053:35477] 0: AMD Radeon Pro 5300 (high power)
2023-03-13 12:00:14.982 Unity[2053:35477] Using device AMD Radeon Pro 5300 (high power)
Initializing Metal device caps: AMD Radeon Pro 5300
Initialize mono
Mono path[0] = '/Applications/Unity/Unity.app/Contents/Managed'
Mono path[1] = '/Applications/Unity/Unity.app/Contents/MonoBleedingEdge/lib/mono/unityjit'
Mono config path = '/Applications/Unity/Unity.app/Contents/MonoBleedingEdge/etc'
Using monoOptions --debugger-agent=transport=dt_socket,embedding=1,server=y,suspend=n,address=127.0.0.1:56053
Begin MonoManager ReloadAssembly
Registering precompiled unity dll's ...
Register platform support module: /Applications/Unity/Unity.app/Contents/PlaybackEngines/MacStandaloneSupport/UnityEditor.OSXStandalone.Extensions.dll
Registered in 0.002379 seconds.
Native extension for OSXStandalone target not found
Refreshing native plugins compatible for Editor in 62.05 ms, found 1 plugins.
Preloading 0 native plugins for Editor in 0.00 ms.
Mono: successfully reloaded assembly
- Completed reload, in  2.217 seconds
Platform modules already initialized, skipping
Registering precompiled user dll's ...
Registered in 0.003640 seconds.
Begin MonoManager ReloadAssembly
Native extension for OSXStandalone target not found
Refreshing native plugins compatible for Editor in 0.44 ms, found 1 plugins.
Preloading 0 native plugins for Editor in 0.00 ms.
Mono: successfully reloaded assembly
- Completed reload, in  0.994 seconds
Platform modules already initialized, skipping
========================================================================
Worker process is ready to serve import requests
Launching external process: /Applications/Unity/Unity.app/Contents/Tools/UnityShaderCompiler
Launched and connected shader compiler UnityShaderCompiler after 0.35 seconds
Refreshing native plugins compatible for Editor in 0.44 ms, found 1 plugins.
Preloading 0 native plugins for Editor in 0.00 ms.
Unloading 2674 Unused Serialized files (Serialized files now loaded: 0)
System memory in use before: 165.8 MB.
System memory in use after: 165.9 MB.

Unloading 15 unused Assets to reduce memory usage. Loaded Objects now: 3128.
Total: 1.757704 ms (FindLiveObjects: 0.204719 ms CreateObjectMapping: 0.114403 ms MarkObjects: 1.379339 ms  DeleteObjects: 0.058549 ms)

========================================================================
Received Import Request.
  path: Assets/Prefabs/Player 1.prefab
  artifactKey: Guid(bee26c258c5fb462ba5791a9b37fd69f) Importer(815301076,1909f56bfc062723c751e8b465ee728b)
Start importing Assets/Prefabs/Player 1.prefab using Guid(bee26c258c5fb462ba5791a9b37fd69f) Importer(815301076,1909f56bfc062723c751e8b465ee728b)  -> (artifact id: 'b3c16bf165f7208d2faa4c3d22950f04') in 1.073724 seconds 
========================================================================
Received Import Request.
  Time since last request: 0.000152 seconds.
  path: Assets/Prefabs/Enemy.prefab
  artifactKey: Guid(adfbf67a057a5435580d137ce4fb9518) Importer(815301076,1909f56bfc062723c751e8b465ee728b)
Start importing Assets/Prefabs/Enemy.prefab using Guid(adfbf67a057a5435580d137ce4fb9518) Importer(815301076,1909f56bfc062723c751e8b465ee728b)  -> (artifact id: '32113bdd7b529958c6c8170a110c18fd') in 0.011842 seconds 
========================================================================
Received Import Request.
  Time since last request: 0.000217 seconds.
  path: Assets/Prefabs/Player.prefab
  artifactKey: Guid(a735d04d67f1a4165bb0e2c16522f719) Importer(815301076,1909f56bfc062723c751e8b465ee728b)
Start importing Assets/Prefabs/Player.prefab using Guid(a735d04d67f1a4165bb0e2c16522f719) Importer(815301076,1909f56bfc062723c751e8b465ee728b)  -> (artifact id: '52d71f93a01828bd2d8d59577e6c9056') in 0.008942 seconds 
========================================================================
Received Prepare
Registering precompiled user dll's ...
Registered in 0.002061 seconds.
Begin MonoManager ReloadAssembly
Native extension for OSXStandalone target not found
Refreshing native plugins compatible for Editor in 0.45 ms, found 1 plugins.
Preloading 0 native plugins for Editor in 0.00 ms.
Mono: successfully reloaded assembly
- Completed reload, in  0.998 seconds
Platform modules already initialized, skipping
Refreshing native plugins compatible for Editor in 0.43 ms, found 1 plugins.
Preloading 0 native plugins for Editor in 0.00 ms.
Unloading 2668 Unused Serialized files (Serialized files now loaded: 0)
System memory in use before: 174.4 MB.
System memory in use after: 174.6 MB.

Unloading 10 unused Assets to reduce memory usage. Loaded Objects now: 3139.
Total: 1.792828 ms (FindLiveObjects: 0.211809 ms CreateObjectMapping: 0.110987 ms MarkObjects: 1.422167 ms  DeleteObjects: 0.047053 ms)

========================================================================
Received Prepare
Registering precompiled user dll's ...
Registered in 0.001443 seconds.
Begin MonoManager ReloadAssembly
Native extension for OSXStandalone target not found
Refreshing native plugins compatible for Editor in 0.43 ms, found 1 plugins.
Preloading 0 native plugins for Editor in 0.00 ms.
Mono: successfully reloaded assembly
- Completed reload, in  0.934 seconds
Platform modules already initialized, skipping
Refreshing native plugins compatible for Editor in 0.44 ms, found 1 plugins.
Preloading 0 native plugins for Editor in 0.00 ms.
Unloading 2668 Unused Serialized files (Serialized files now loaded: 0)
System memory in use before: 174.7 MB.
System memory in use after: 174.9 MB.

Unloading 10 unused Assets to reduce memory usage. Loaded Objects now: 3142.
Total: 1.875130 ms (FindLiveObjects: 0.205361 ms CreateObjectMapping: 0.160000 ms MarkObjects: 1.468927 ms  DeleteObjects: 0.039905 ms)

========================================================================
Received Import Request.
  Time since last request: 695.709038 seconds.
  path: Assets/Prefabs/Enemy.prefab
  artifactKey: Guid(adfbf67a057a5435580d137ce4fb9518) Importer(815301076,1909f56bfc062723c751e8b465ee728b)
Start importing Assets/Prefabs/Enemy.prefab using Guid(adfbf67a057a5435580d137ce4fb9518) Importer(815301076,1909f56bfc062723c751e8b465ee728b)  -> (artifact id: '0aa32ef4d85007ef0778ed1179bbf56a') in 0.055522 seconds 
========================================================================
Received Prepare
Registering precompiled user dll's ...
Registered in 0.003111 seconds.
Begin MonoManager ReloadAssembly
Native extension for OSXStandalone target not found
Refreshing native plugins compatible for Editor in 0.44 ms, found 1 plugins.
Preloading 0 native plugins for Editor in 0.00 ms.
Mono: successfully reloaded assembly
- Completed reload, in  0.946 seconds
Platform modules already initialized, skipping
Refreshing native plugins compatible for Editor in 0.44 ms, found 1 plugins.
Preloading 0 native plugins for Editor in 0.00 ms.
Unloading 2668 Unused Serialized files (Serialized files now loaded: 0)
System memory in use before: 174.9 MB.
System memory in use after: 175.1 MB.

Unloading 10 unused Assets to reduce memory usage. Loaded Objects now: 3146.
Total: 1.735949 ms (FindLiveObjects: 0.214909 ms CreateObjectMapping: 0.105802 ms MarkObjects: 1.375033 ms  DeleteObjects: 0.039322 ms)

========================================================================
Received Prepare
Registering precompiled user dll's ...
Registered in 0.002271 seconds.
Begin MonoManager ReloadAssembly
Native extension for OSXStandalone target not found
Refreshing native plugins compatible for Editor in 0.44 ms, found 1 plugins.
Preloading 0 native plugins for Editor in 0.00 ms.
Mono: successfully reloaded assembly
- Completed reload, in  0.918 seconds
Platform modules already initialized, skipping
Refreshing native plugins compatible for Editor in 0.44 ms, found 1 plugins.
Preloading 0 native plugins for Editor in 0.00 ms.
Unloading 2668 Unused Serialized files (Serialized files now loaded: 0)
System memory in use before: 175.2 MB.
System memory in use after: 175.4 MB.

Unloading 10 unused Assets to reduce memory usage. Loaded Objects now: 3149.
Total: 2.020908 ms (FindLiveObjects: 0.403187 ms CreateObjectMapping: 0.168364 ms MarkObjects: 1.411009 ms  DeleteObjects: 0.037611 ms)

========================================================================
Received Prepare
Registering precompiled user dll's ...
Registered in 0.002439 seconds.
Begin MonoManager ReloadAssembly
Native extension for OSXStandalone target not found
Refreshing native plugins compatible for Editor in 0.47 ms, found 1 plugins.
Preloading 0 native plugins for Editor in 0.00 ms.
Mono: successfully reloaded assembly
- Completed reload, in  0.930 seconds
Platform modules already initialized, skipping
Refreshing native plugins compatible for Editor in 0.57 ms, found 1 plugins.
Preloading 0 native plugins for Editor in 0.00 ms.
Unloading 2668 Unused Serialized files (Serialized files now loaded: 0)
System memory in use before: 175.4 MB.
System memory in use after: 175.6 MB.

Unloading 10 unused Assets to reduce memory usage. Loaded Objects now: 3152.
Total: 2.009229 ms (FindLiveObjects: 0.321720 ms CreateObjectMapping: 0.119179 ms MarkObjects: 1.527610 ms  DeleteObjects: 0.039828 ms)

========================================================================
Received Import Request.
  Time since last request: 667.144758 seconds.
  path: Assets/Prefabs/Player 1.prefab
  artifactKey: Guid(bee26c258c5fb462ba5791a9b37fd69f) Importer(815301076,1909f56bfc062723c751e8b465ee728b)
Start importing Assets/Prefabs/Player 1.prefab using Guid(bee26c258c5fb462ba5791a9b37fd69f) Importer(815301076,1909f56bfc062723c751e8b465ee728b)  -> (artifact id: 'c5bf04c097e0b50ebad69ef5fbf4e7f2') in 0.052361 seconds 
========================================================================
Received Import Request.
  Time since last request: 0.000168 seconds.
  path: Assets/Prefabs/Player.prefab
  artifactKey: Guid(a735d04d67f1a4165bb0e2c16522f719) Importer(815301076,1909f56bfc062723c751e8b465ee728b)
Start importing Assets/Prefabs/Player.prefab using Guid(a735d04d67f1a4165bb0e2c16522f719) Importer(815301076,1909f56bfc062723c751e8b465ee728b)  -> (artifact id: '451703d98a24cdabe5b20f5e089d18f1') in 0.009754 seconds 
========================================================================
Received Import Request.
  Time since last request: 3.992569 seconds.
  path: Assets/Prefabs/powerupIndicator.prefab
  artifactKey: Guid(3e082163a5bdd487ebc162b2b64f2ca6) Importer(815301076,1909f56bfc062723c751e8b465ee728b)
Start importing Assets/Prefabs/powerupIndicator.prefab using Guid(3e082163a5bdd487ebc162b2b64f2ca6) Importer(815301076,1909f56bfc062723c751e8b465ee728b)  -> (artifact id: '2877391c12e88a562e18d6166d9bb57f') in 0.017724 seconds 
========================================================================
Received Prepare
Registering precompiled user dll's ...
Registered in 0.001821 seconds.
Begin MonoManager ReloadAssembly
Native extension for OSXStandalone target not found
Refreshing native plugins compatible for Editor in 0.44 ms, found 1 plugins.
Preloading 0 native plugins for Editor in 0.00 ms.
Mono: successfully reloaded assembly
- Completed reload, in  0.967 seconds
Platform modules already initialized, skipping
Refreshing native plugins compatible for Editor in 0.49 ms, found 1 plugins.
Preloading 0 native plugins for Editor in 0.00 ms.
Unloading 2668 Unused Serialized files (Serialized files now loaded: 0)
System memory in use before: 175.7 MB.
System memory in use after: 175.9 MB.

Unloading 10 unused Assets to reduce memory usage. Loaded Objects now: 3156.
Total: 1.666098 ms (FindLiveObjects: 0.187643 ms CreateObjectMapping: 0.090540 ms MarkObjects: 1.350978 ms  DeleteObjects: 0.036421 ms)

========================================================================
Received Prepare
Registering precompiled user dll's ...
Registered in 0.006133 seconds.
Begin MonoManager ReloadAssembly
Native extension for OSXStandalone target not found
Refreshing native plugins compatible for Editor in 0.58 ms, found 1 plugins.
Preloading 0 native plugins for Editor in 0.00 ms.
Mono: successfully reloaded assembly
- Completed reload, in  0.996 seconds
Platform modules already initialized, skipping
Refreshing native plugins compatible for Editor in 0.43 ms, found 1 plugins.
Preloading 0 native plugins for Editor in 0.00 ms.
Unloading 2668 Unused Serialized files (Serialized files now loaded: 0)
System memory in use before: 175.9 MB.
System memory in use after: 176.1 MB.

Unloading 10 unused Assets to reduce memory usage. Loaded Objects now: 3159.
Total: 1.644624 ms (FindLiveObjects: 0.193911 ms CreateObjectMapping: 0.093965 ms MarkObjects: 1.317851 ms  DeleteObjects: 0.038138 ms)

========================================================================
Received Prepare
Registering precompiled user dll's ...
Registered in 0.001499 seconds.
Begin MonoManager ReloadAssembly
Native extension for OSXStandalone target not found
Refreshing native plugins compatible for Editor in 0.43 ms, found 1 plugins.
Preloading 0 native plugins for Editor in 0.00 ms.
Mono: successfully reloaded assembly
- Completed reload, in  0.923 seconds
Platform modules already initialized, skipping
Refreshing native plugins compatible for Editor in 0.44 ms, found 1 plugins.
Preloading 0 native plugins for Editor in 0.00 ms.
Unloading 2668 Unused Serialized files (Serialized files now loaded: 0)
System memory in use before: 176.1 MB.
System memory in use after: 176.3 MB.

Unloading 10 unused Assets to reduce memory usage. Loaded Objects now: 3162.
Total: 2.885183 ms (FindLiveObjects: 0.341683 ms CreateObjectMapping: 0.188404 ms MarkObjects: 2.300702 ms  DeleteObjects: 0.052816 ms)

========================================================================
Received Import Request.
  Time since last request: 633.416797 seconds.
  path: Assets/Scripts/SpawnManager.cs
  artifactKey: Guid(ef4f93842cf6b419cadf696285d7258d) Importer(815301076,1909f56bfc062723c751e8b465ee728b)
Start importing Assets/Scripts/SpawnManager.cs using Guid(ef4f93842cf6b419cadf696285d7258d) Importer(815301076,1909f56bfc062723c751e8b465ee728b)  -> (artifact id: 'ef5c0399efa189dbe497ad99e2532814') in 0.311588 seconds 
========================================================================
Received Prepare
Registering precompiled user dll's ...
Registered in 0.001932 seconds.
Begin MonoManager ReloadAssembly
Native extension for OSXStandalone target not found
Refreshing native plugins compatible for Editor in 0.44 ms, found 1 plugins.
Preloading 0 native plugins for Editor in 0.00 ms.
Mono: successfully reloaded assembly
- Completed reload, in  0.943 seconds
Platform modules already initialized, skipping
Refreshing native plugins compatible for Editor in 0.53 ms, found 1 plugins.
Preloading 0 native plugins for Editor in 0.00 ms.
Unloading 2668 Unused Serialized files (Serialized files now loaded: 0)
System memory in use before: 180.5 MB.
System memory in use after: 180.7 MB.

Unloading 10 unused Assets to reduce memory usage. Loaded Objects now: 3165.
Total: 2.199854 ms (FindLiveObjects: 0.282251 ms CreateObjectMapping: 0.142560 ms MarkObjects: 1.725290 ms  DeleteObjects: 0.048752 ms)

========================================================================
Received Prepare
Registering precompiled user dll's ...
Registered in 0.002558 seconds.
Begin MonoManager ReloadAssembly
Native extension for OSXStandalone target not found
Refreshing native plugins compatible for Editor in 0.44 ms, found 1 plugins.
Preloading 0 native plugins for Editor in 0.00 ms.
Mono: successfully reloaded assembly
- Completed reload, in  0.923 seconds
Platform modules already initialized, skipping
Refreshing native plugins compatible for Editor in 0.44 ms, found 1 plugins.
Preloading 0 native plugins for Editor in 0.00 ms.
Unloading 2668 Unused Serialized files (Serialized files now loaded: 0)
System memory in use before: 180.7 MB.
System memory in use after: 180.9 MB.

Unloading 10 unused Assets to reduce memory usage. Loaded Objects now: 3168.
Total: 1.629524 ms (FindLiveObjects: 0.191065 ms CreateObjectMapping: 0.092962 ms MarkObjects: 1.308651 ms  DeleteObjects: 0.036103 ms)

========================================================================
Received Import Request.
  Time since last request: 422.901142 seconds.
  path: Assets/Scripts/SpawnManager.cs
  artifactKey: Guid(ef4f93842cf6b419cadf696285d7258d) Importer(815301076,1909f56bfc062723c751e8b465ee728b)
Start importing Assets/Scripts/SpawnManager.cs using Guid(ef4f93842cf6b419cadf696285d7258d) Importer(815301076,1909f56bfc062723c751e8b465ee728b)  -> (artifact id: '9e18a759259829e9de7b66eb351c4385') in 0.007064 seconds 
========================================================================
Received Prepare
Registering precompiled user dll's ...
Registered in 0.001840 seconds.
Begin MonoManager ReloadAssembly
Native extension for OSXStandalone target not found
Refreshing native plugins compatible for Editor in 0.43 ms, found 1 plugins.
Preloading 0 native plugins for Editor in 0.00 ms.
Mono: successfully reloaded assembly
- Completed reload, in  0.925 seconds
Platform modules already initialized, skipping
Refreshing native plugins compatible for Editor in 0.43 ms, found 1 plugins.
Preloading 0 native plugins for Editor in 0.00 ms.
Unloading 2668 Unused Serialized files (Serialized files now loaded: 0)
System memory in use before: 180.9 MB.
System memory in use after: 181.1 MB.

Unloading 10 unused Assets to reduce memory usage. Loaded Objects now: 3171.
Total: 1.592573 ms (FindLiveObjects: 0.179863 ms CreateObjectMapping: 0.083045 ms MarkObjects: 1.294195 ms  DeleteObjects: 0.034772 ms)

AssetImportWorkerClient::OnTransportError - code=2 error=End of file
